<?xml version="1.0" encoding="UTF-8"?>
<!-- Generated by org.testng.reporters.JUnitXMLReporter -->
<testsuite ignored="0" hostname="LAPTOP-UTBN2GD7" failures="0" tests="5" name="Test" time="0.042" errors="0" timestamp="06 Feb 2020 22:02:13 GMT">
  <testcase classname="com.mycompany.app.SeleniumTest" name="SeleniumB" time="0.009"/>
  <testcase classname="com.mycompany.app.RESTAPITest" name="RestApiTA" time="0.001"/>
  <testcase classname="com.mycompany.app.RESTAPITest" name="RestApiTB" time="0.001"/>
  <testcase classname="com.mycompany.app.AppiumTest" name="appiumA" time="0.001"/>
  <testcase classname="com.mycompany.app.AppiumTest" name="appiumB" time="0.001"/>
</testsuite> <!-- Test -->
