<?xml version="1.0" encoding="UTF-8"?>
<!-- Generated by org.testng.reporters.JUnitXMLReporter -->
<testsuite ignored="0" hostname="LAPTOP-UTBN2GD7" failures="0" tests="6" name="Command line test" time="0.037" errors="0" timestamp="2020-02-07T12:34:24 EST">
  <testcase classname="com.mycompany.app.AppiumTest" name="appiumA" time="0.003"/>
  <testcase classname="com.mycompany.app.AppiumTest" name="appiumB" time="0.001"/>
  <testcase classname="com.mycompany.app.RESTAPITest" name="RestApiTA" time="0.001"/>
  <testcase classname="com.mycompany.app.RESTAPITest" name="RestApiTB" time="0.0"/>
  <testcase classname="com.mycompany.app.SeleniumTest" name="SeleniumA" time="0.0"/>
  <testcase classname="com.mycompany.app.SeleniumTest" name="SeleniumB" time="0.0"/>
</testsuite> <!-- Command line test -->
