<?xml version="1.0" encoding="UTF-8" ?>
<testsuite tests="6" failures="0" name="TestSuite" time="0.013" errors="0" skipped="0">
  <properties>
[...]
</properties>
  <testcase classname="com.mycompany.app.AppiumTest" name="appiumA" time="0.006"/>
  <testcase classname="com.mycompany.app.AppiumTest" name="appiumB" time="0"/>
  <testcase classname="com.mycompany.app.RESTAPITest" name="RestApiTA" time="0.003"/>
  <testcase classname="com.mycompany.app.RESTAPITest" name="RestApiTB" time="0"/>
  <testcase classname="com.mycompany.app.SeleniumTest" name="SeleniumA" time="0.001"/>
  <testcase classname="com.mycompany.app.SeleniumTest" name="SeleniumB" time="0.003"/>
</testsuite>