<?xml version="1.0" encoding="UTF-8"?>
<testng-results ignored="0" total="6" passed="6" failed="0" skipped="0">
  <reporter-output>
  </reporter-output>
  <suite started-at="2020-02-07T12:34:24 EST" name="Command line suite" finished-at="2020-02-07T12:34:24 EST" duration-ms="37">
    <groups>
    </groups>
    <test started-at="2020-02-07T12:34:24 EST" name="Command line test" finished-at="2020-02-07T12:34:24 EST" duration-ms="37">
      <class name="com.mycompany.app.SeleniumTest">
        <test-method signature="SeleniumB()[pri:0, instance:com.mycompany.app.SeleniumTest@294425a7]" started-at="2020-02-07T12:34:24 EST" name="SeleniumB" finished-at="2020-02-07T12:34:24 EST" duration-ms="0" status="PASS">
          <reporter-output>
          </reporter-output>
        </test-method> <!-- SeleniumB -->
        <test-method signature="SeleniumA()[pri:0, instance:com.mycompany.app.SeleniumTest@294425a7]" started-at="2020-02-07T12:34:24 EST" name="SeleniumA" finished-at="2020-02-07T12:34:24 EST" duration-ms="0" status="PASS">
          <reporter-output>
          </reporter-output>
        </test-method> <!-- SeleniumA -->
      </class> <!-- com.mycompany.app.SeleniumTest -->
      <class name="com.mycompany.app.AppiumTest">
        <test-method signature="appiumA()[pri:0, instance:com.mycompany.app.AppiumTest@4cc451f2]" started-at="2020-02-07T12:34:24 EST" name="appiumA" finished-at="2020-02-07T12:34:24 EST" duration-ms="3" status="PASS">
          <reporter-output>
          </reporter-output>
        </test-method> <!-- appiumA -->
        <test-method signature="appiumB()[pri:0, instance:com.mycompany.app.AppiumTest@4cc451f2]" started-at="2020-02-07T12:34:24 EST" name="appiumB" finished-at="2020-02-07T12:34:24 EST" duration-ms="1" status="PASS">
          <reporter-output>
          </reporter-output>
        </test-method> <!-- appiumB -->
      </class> <!-- com.mycompany.app.AppiumTest -->
      <class name="com.mycompany.app.RESTAPITest">
        <test-method signature="RestApiTA()[pri:0, instance:com.mycompany.app.RESTAPITest@6379eb]" started-at="2020-02-07T12:34:24 EST" name="RestApiTA" finished-at="2020-02-07T12:34:24 EST" duration-ms="1" status="PASS">
          <reporter-output>
          </reporter-output>
        </test-method> <!-- RestApiTA -->
        <test-method signature="RestApiTB()[pri:0, instance:com.mycompany.app.RESTAPITest@6379eb]" started-at="2020-02-07T12:34:24 EST" name="RestApiTB" finished-at="2020-02-07T12:34:24 EST" duration-ms="0" status="PASS">
          <reporter-output>
          </reporter-output>
        </test-method> <!-- RestApiTB -->
      </class> <!-- com.mycompany.app.RESTAPITest -->
    </test> <!-- Command line test -->
  </suite> <!-- Command line suite -->
</testng-results>
