<?xml version="1.0" encoding="UTF-8"?>
<testng-results ignored="0" total="5" passed="5" failed="0" skipped="0">
  <reporter-output>
  </reporter-output>
  <suite started-at="2020-02-06T22:02:12Z" name="Suite" finished-at="2020-02-06T22:02:12Z" duration-ms="42">
    <groups>
    </groups>
    <test started-at="2020-02-06T22:02:12Z" name="Test" finished-at="2020-02-06T22:02:12Z" duration-ms="42">
      <class name="com.mycompany.app.SeleniumTest">
        <test-method signature="SeleniumB()[pri:0, instance:com.mycompany.app.SeleniumTest@757acd7b]" started-at="2020-02-06T22:02:12Z" name="SeleniumB" finished-at="2020-02-06T22:02:12Z" duration-ms="9" status="PASS">
          <reporter-output>
          </reporter-output>
        </test-method> <!-- SeleniumB -->
      </class> <!-- com.mycompany.app.SeleniumTest -->
      <class name="com.mycompany.app.AppiumTest">
        <test-method signature="appiumA()[pri:0, instance:com.mycompany.app.AppiumTest@574b560f]" started-at="2020-02-06T22:02:12Z" name="appiumA" finished-at="2020-02-06T22:02:12Z" duration-ms="1" status="PASS">
          <reporter-output>
          </reporter-output>
        </test-method> <!-- appiumA -->
        <test-method signature="appiumB()[pri:0, instance:com.mycompany.app.AppiumTest@574b560f]" started-at="2020-02-06T22:02:12Z" name="appiumB" finished-at="2020-02-06T22:02:12Z" duration-ms="1" status="PASS">
          <reporter-output>
          </reporter-output>
        </test-method> <!-- appiumB -->
      </class> <!-- com.mycompany.app.AppiumTest -->
      <class name="com.mycompany.app.RESTAPITest">
        <test-method signature="RestApiTA()[pri:0, instance:com.mycompany.app.RESTAPITest@36b4fe2a]" started-at="2020-02-06T22:02:12Z" name="RestApiTA" finished-at="2020-02-06T22:02:12Z" duration-ms="1" status="PASS">
          <reporter-output>
          </reporter-output>
        </test-method> <!-- RestApiTA -->
        <test-method signature="RestApiTB()[pri:0, instance:com.mycompany.app.RESTAPITest@36b4fe2a]" started-at="2020-02-06T22:02:12Z" name="RestApiTB" finished-at="2020-02-06T22:02:12Z" duration-ms="1" status="PASS">
          <reporter-output>
          </reporter-output>
        </test-method> <!-- RestApiTB -->
      </class> <!-- com.mycompany.app.RESTAPITest -->
    </test> <!-- Test -->
  </suite> <!-- Suite -->
</testng-results>
